[[1;34mINFO[m] Scanning for projects...
[[1;34mINFO[m] 
[[1;34mINFO[m] [1m----------------------< [0;36mru.iwishyoujoy:web_lab_2[0;1m >----------------------[m
[[1;34mINFO[m] [1mBuilding web_lab_2 1.0-SNAPSHOT[m
[[1;34mINFO[m] [1m--------------------------------[ war ]---------------------------------[m
[[1;34mINFO[m] 
[[1;34mINFO[m] [1m--- [0;32mmaven-clean-plugin:2.5:clean[m [1m(default-clean)[m @ [36mweb_lab_2[0;1m ---[m
[[1;34mINFO[m] Deleting /home/yura/Applications/intellij/ideaProjects/web_2nd_lab/target
[[1;34mINFO[m] [1m------------------------------------------------------------------------[m
[[1;34mINFO[m] [1;32mBUILD SUCCESS[m
[[1;34mINFO[m] [1m------------------------------------------------------------------------[m
[[1;34mINFO[m] Total time:  0.299 s
[[1;34mINFO[m] Finished at: 2024-10-14T19:41:14+03:00
[[1;34mINFO[m] [1m------------------------------------------------------------------------[m
[[1;34mINFO[m] Scanning for projects...
[[1;34mINFO[m] 
[[1;34mINFO[m] [1m----------------------< [0;36mru.iwishyoujoy:web_lab_2[0;1m >----------------------[m
[[1;34mINFO[m] [1mBuilding web_lab_2 1.0-SNAPSHOT[m
[[1;34mINFO[m] [1m--------------------------------[ war ]---------------------------------[m
[[1;34mINFO[m] 
[[1;34mINFO[m] [1m--- [0;32mmaven-resources-plugin:2.6:resources[m [1m(default-resources)[m @ [36mweb_lab_2[0;1m ---[m
[[1;34mINFO[m] Using 'UTF-8' encoding to copy filtered resources.
[[1;34mINFO[m] skip non existing resourceDirectory /home/yura/Applications/intellij/ideaProjects/web_2nd_lab/src/main/resources
[[1;34mINFO[m] 
[[1;34mINFO[m] [1m--- [0;32mmaven-compiler-plugin:3.1:compile[m [1m(default-compile)[m @ [36mweb_lab_2[0;1m ---[m
[[1;34mINFO[m] Changes detected - recompiling the module!
[[1;34mINFO[m] Compiling 4 source files to /home/yura/Applications/intellij/ideaProjects/web_2nd_lab/target/classes
[[1;34mINFO[m] 
[[1;34mINFO[m] [1m--- [0;32mmaven-resources-plugin:2.6:testResources[m [1m(default-testResources)[m @ [36mweb_lab_2[0;1m ---[m
[[1;34mINFO[m] Using 'UTF-8' encoding to copy filtered resources.
[[1;34mINFO[m] skip non existing resourceDirectory /home/yura/Applications/intellij/ideaProjects/web_2nd_lab/src/test/resources
[[1;34mINFO[m] 
[[1;34mINFO[m] [1m--- [0;32mmaven-compiler-plugin:3.1:testCompile[m [1m(default-testCompile)[m @ [36mweb_lab_2[0;1m ---[m
[[1;34mINFO[m] No sources to compile
[[1;34mINFO[m] 
[[1;34mINFO[m] [1m--- [0;32mmaven-surefire-plugin:2.12.4:test[m [1m(default-test)[m @ [36mweb_lab_2[0;1m ---[m
[[1;34mINFO[m] No tests to run.
[[1;34mINFO[m] 
[[1;34mINFO[m] [1m--- [0;32mmaven-war-plugin:3.4.0:war[m [1m(default-war)[m @ [36mweb_lab_2[0;1m ---[m
[[1;34mINFO[m] Packaging webapp
[[1;34mINFO[m] Assembling webapp [web_lab_2] in [/home/yura/Applications/intellij/ideaProjects/web_2nd_lab/target/labWeb2]
[[1;34mINFO[m] Processing war project
[[1;34mINFO[m] Copying webapp resources [/home/yura/Applications/intellij/ideaProjects/web_2nd_lab/src/main/webapp]
[[1;34mINFO[m] Building war: /home/yura/Applications/intellij/ideaProjects/web_2nd_lab/target/labWeb2.war
[[1;34mINFO[m] [1m------------------------------------------------------------------------[m
[[1;34mINFO[m] [1;32mBUILD SUCCESS[m
[[1;34mINFO[m] [1m------------------------------------------------------------------------[m
[[1;34mINFO[m] Total time:  2.475 s
[[1;34mINFO[m] Finished at: 2024-10-14T19:41:18+03:00
[[1;34mINFO[m] [1m------------------------------------------------------------------------[m
